2026-05-10 15:59:47,041 - INFO - 使用设备: cpu
2026-05-10 15:59:47,076 - INFO - 加载了 26443 个对话对
2026-05-10 15:59:47,106 - INFO - 词汇表大小: 7484
2026-05-10 15:59:47,136 - INFO - 训练集: 23798 对, 验证集: 2645 对
2026-05-10 16:05:02,179 - INFO - 使用设备: cpu
2026-05-10 16:05:02,209 - INFO - 加载了 26443 个对话对
2026-05-10 16:05:02,235 - INFO - 词汇表大小: 7484
2026-05-10 16:05:02,260 - INFO - 训练集: 23798 对, 验证集: 2645 对
2026-05-10 16:09:28,038 - INFO - 使用设备: cpu
2026-05-10 16:09:28,078 - INFO - 加载了 26443 个对话对
2026-05-10 16:09:28,099 - INFO - 词汇表大小: 7484
2026-05-10 16:09:28,127 - INFO - 训练集: 23798 对, 验证集: 2645 对
2026-05-10 16:09:29,525 - INFO - ==================================================
2026-05-10 16:09:29,525 - INFO - 开始训练...
2026-05-10 16:09:29,525 - INFO - ==================================================
2026-05-10 16:11:00,970 - INFO - 使用设备: cpu
2026-05-10 16:11:00,995 - INFO - 加载了 26443 个对话对
2026-05-10 16:11:01,022 - INFO - 词汇表大小: 7484
2026-05-10 16:11:01,045 - INFO - 训练集: 23798 对, 验证集: 2645 对
2026-05-10 16:11:02,429 - INFO - ==================================================
2026-05-10 16:11:02,429 - INFO - 开始训练...
2026-05-10 16:11:02,434 - INFO - ==================================================
